2014/10/10 15:35:37 [error] [system.db.CDbCommand] CDbCommand::fetchAll() failed: SQLSTATE[42S02]: Base table or view not found: 1146 Table 'ws_clima_inta.ema' doesn't exist. The SQL statement executed was: SHOW FULL COLUMNS FROM `ema`.
in C:\wamp\www\yii\ws_clima_inta\index.php (13)
2014/10/10 15:37:53 [error] [exception.CHttpException.404] exception 'CHttpException' with message 'The system is unable to find the requested action "admin".' in C:\wamp\www\yii\framework\web\CController.php:483
Stack trace:
#0 C:\wamp\www\yii\framework\web\CController.php(270): CController->missingAction('admin')
#1 C:\wamp\www\yii\framework\web\CWebApplication.php(282): CController->run('admin')
#2 C:\wamp\www\yii\framework\web\CWebApplication.php(141): CWebApplication->runController('emas/admin')
#3 C:\wamp\www\yii\framework\base\CApplication.php(169): CWebApplication->processRequest()
#4 C:\wamp\www\yii\ws_clima_inta\index.php(13): CApplication->run()
#5 {main}
REQUEST_URI=/yii/ws_clima_inta/index.php?r=emas/admin
---
2014/10/10 15:38:44 [error] [exception.CHttpException.404] exception 'CHttpException' with message 'The system is unable to find the requested action "admin".' in C:\wamp\www\yii\framework\web\CController.php:483
Stack trace:
#0 C:\wamp\www\yii\framework\web\CController.php(270): CController->missingAction('admin')
#1 C:\wamp\www\yii\framework\web\CWebApplication.php(282): CController->run('admin')
#2 C:\wamp\www\yii\framework\web\CWebApplication.php(141): CWebApplication->runController('Emas/admin')
#3 C:\wamp\www\yii\framework\base\CApplication.php(169): CWebApplication->processRequest()
#4 C:\wamp\www\yii\ws_clima_inta\index.php(13): CApplication->run()
#5 {main}
REQUEST_URI=/yii/ws_clima_inta/index.php?r=Emas/admin
---
2014/10/10 15:38:57 [error] [exception.CHttpException.404] exception 'CHttpException' with message 'The system is unable to find the requested action "admin".' in C:\wamp\www\yii\framework\web\CController.php:483
Stack trace:
#0 C:\wamp\www\yii\framework\web\CController.php(270): CController->missingAction('admin')
#1 C:\wamp\www\yii\framework\web\CWebApplication.php(282): CController->run('admin')
#2 C:\wamp\www\yii\framework\web\CWebApplication.php(141): CWebApplication->runController('Emas/admin')
#3 C:\wamp\www\yii\framework\base\CApplication.php(169): CWebApplication->processRequest()
#4 C:\wamp\www\yii\ws_clima_inta\index.php(13): CApplication->run()
#5 {main}
REQUEST_URI=/yii/ws_clima_inta/index.php?r=Emas/admin
---
2014/10/10 16:45:09 [error] [php] Undefined index: model (C:\wamp\www\yii\ws_clima_inta\protected\controllers\ApiController.php:43)
Stack trace:
#0 C:\wamp\www\yii\framework\web\CController.php(286): ApiController->runAction()
#1 C:\wamp\www\yii\framework\web\CController.php(265): ApiController->runActionWithFilters()
#2 C:\wamp\www\yii\framework\web\CWebApplication.php(282): ApiController->run()
#3 C:\wamp\www\yii\framework\web\CWebApplication.php(141): CWebApplication->runController()
#4 C:\wamp\www\yii\framework\base\CApplication.php(169): CWebApplication->processRequest()
#5 C:\wamp\www\yii\ws_clima_inta\index.php(13): CWebApplication->run()
REQUEST_URI=/yii/ws_clima_inta/index.php?r=api/list
in C:\wamp\www\yii\ws_clima_inta\protected\controllers\ApiController.php (43)
in C:\wamp\www\yii\ws_clima_inta\index.php (13)
2014/10/10 18:00:03 [error] [exception.CHttpException.404] exception 'CHttpException' with message 'The system is unable to find the requested action "list".' in C:\wamp\www\yii\framework\web\CController.php:483
Stack trace:
#0 C:\wamp\www\yii\framework\web\CController.php(270): CController->missingAction('list')
#1 C:\wamp\www\yii\framework\web\CWebApplication.php(282): CController->run('list')
#2 C:\wamp\www\yii\framework\web\CWebApplication.php(141): CWebApplication->runController('api/list')
#3 C:\wamp\www\yii\framework\base\CApplication.php(169): CWebApplication->processRequest()
#4 C:\wamp\www\yii\ws_clima_inta\index.php(13): CApplication->run()
#5 {main}
REQUEST_URI=/yii/ws_clima_inta/index.php?r=api/list
---
2014/10/10 18:00:55 [error] [exception.CHttpException.400] exception 'CHttpException' with message 'Your request is invalid.' in C:\wamp\www\yii\framework\web\CController.php:336
Stack trace:
#0 C:\wamp\www\yii\framework\web\CController.php(309): CController->invalidActionParams(Object(CInlineAction))
#1 C:\wamp\www\yii\framework\web\CController.php(286): CController->runAction(Object(CInlineAction))
#2 C:\wamp\www\yii\framework\web\CController.php(265): CController->runActionWithFilters(Object(CInlineAction), Array)
#3 C:\wamp\www\yii\framework\web\CWebApplication.php(282): CController->run('DatosActuales')
#4 C:\wamp\www\yii\framework\web\CWebApplication.php(141): CWebApplication->runController('api/DatosActual...')
#5 C:\wamp\www\yii\framework\base\CApplication.php(169): CWebApplication->processRequest()
#6 C:\wamp\www\yii\ws_clima_inta\index.php(13): CApplication->run()
#7 {main}
REQUEST_URI=/yii/ws_clima_inta/index.php?r=api/DatosActuales&emad=INTAGUERR
---
2014/10/10 18:01:07 [error] [exception.CException] exception 'CException' with message 'Property "Emas.fechaEma" is not defined.' in C:\wamp\www\yii\framework\base\CComponent.php:130
Stack trace:
#0 C:\wamp\www\yii\framework\db\ar\CActiveRecord.php(143): CComponent->__get('fechaEma')
#1 C:\wamp\www\yii\ws_clima_inta\protected\controllers\ApiController.php(26): CActiveRecord->__get('fechaEma')
#2 [internal function]: ApiController->actionDatosActuales('INTAGUERR')
#3 C:\wamp\www\yii\framework\web\actions\CAction.php(108): ReflectionMethod->invokeArgs(Object(ApiController), Array)
#4 C:\wamp\www\yii\framework\web\actions\CInlineAction.php(47): CAction->runWithParamsInternal(Object(ApiController), Object(ReflectionMethod), Array)
#5 C:\wamp\www\yii\framework\web\CController.php(308): CInlineAction->runWithParams(Array)
#6 C:\wamp\www\yii\framework\web\CController.php(286): CController->runAction(Object(CInlineAction))
#7 C:\wamp\www\yii\framework\web\CController.php(265): CController->runActionWithFilters(Object(CInlineAction), Array)
#8 C:\wamp\www\yii\framework\web\CWebApplication.php(282): CController->run('DatosActuales')
#9 C:\wamp\www\yii\framework\web\CWebApplication.php(141): CWebApplication->runController('api/DatosActual...')
#10 C:\wamp\www\yii\framework\base\CApplication.php(169): CWebApplication->processRequest()
#11 C:\wamp\www\yii\ws_clima_inta\index.php(13): CApplication->run()
#12 {main}
REQUEST_URI=/yii/ws_clima_inta/index.php?r=api/DatosActuales&ema=INTAGUERR
---
2014/10/10 20:12:26 [error] [php] Undefined index:  (C:\wamp\www\yii\ws_clima_inta\protected\controllers\ApiController.php:37)
Stack trace:
#0 C:\wamp\www\yii\framework\web\actions\CAction.php(108): ReflectionMethod->invokeArgs()
#1 C:\wamp\www\yii\framework\web\actions\CInlineAction.php(47): CInlineAction->runWithParamsInternal()
#2 C:\wamp\www\yii\framework\web\CController.php(308): CInlineAction->runWithParams()
#3 C:\wamp\www\yii\framework\web\CController.php(286): ApiController->runAction()
#4 C:\wamp\www\yii\framework\web\CController.php(265): ApiController->runActionWithFilters()
#5 C:\wamp\www\yii\framework\web\CWebApplication.php(282): ApiController->run()
#6 C:\wamp\www\yii\framework\web\CWebApplication.php(141): CWebApplication->runController()
#7 C:\wamp\www\yii\framework\base\CApplication.php(169): CWebApplication->processRequest()
#8 C:\wamp\www\yii\ws_clima_inta\index.php(13): CWebApplication->run()
REQUEST_URI=/yii/ws_clima_inta/index.php?r=api/DatosActuales&ema=INTAGUERR
in C:\wamp\www\yii\ws_clima_inta\protected\controllers\ApiController.php (37)
in C:\wamp\www\yii\ws_clima_inta\protected\controllers\ApiController.php (51)
in C:\wamp\www\yii\ws_clima_inta\index.php (13)
2014/10/10 23:55:31 [error] [php] fopen(): php_network_getaddresses: getaddrinfo failed: Host desconocido.  (C:\wamp\www\yii\ws_clima_inta\protected\controllers\ApiController.php:19)
Stack trace:
#0 unknown(0): ApiController->actionDatosActuales()
#1 C:\wamp\www\yii\framework\web\actions\CAction.php(108): ReflectionMethod->invokeArgs()
#2 C:\wamp\www\yii\framework\web\actions\CInlineAction.php(47): CInlineAction->runWithParamsInternal()
#3 C:\wamp\www\yii\framework\web\CController.php(308): CInlineAction->runWithParams()
#4 C:\wamp\www\yii\framework\web\CController.php(286): ApiController->runAction()
#5 C:\wamp\www\yii\framework\web\CController.php(265): ApiController->runActionWithFilters()
#6 C:\wamp\www\yii\framework\web\CWebApplication.php(282): ApiController->run()
#7 C:\wamp\www\yii\framework\web\CWebApplication.php(141): CWebApplication->runController()
#8 C:\wamp\www\yii\framework\base\CApplication.php(169): CWebApplication->processRequest()
#9 C:\wamp\www\yii\ws_clima_inta\index.php(13): CWebApplication->run()
REQUEST_URI=/yii/ws_clima_inta/index.php?r=api/DatosActuales&ema=INTALBELT
in C:\wamp\www\yii\ws_clima_inta\protected\controllers\ApiController.php (19)
in C:\wamp\www\yii\ws_clima_inta\protected\controllers\ApiController.php (45)
in C:\wamp\www\yii\ws_clima_inta\index.php (13)
2014/10/11 00:11:10 [error] [php] fopen(): php_network_getaddresses: getaddrinfo failed: Host desconocido.  (C:\wamp\www\yii\ws_clima_inta\protected\controllers\ApiController.php:19)
Stack trace:
#0 unknown(0): ApiController->actionDatosActuales()
#1 C:\wamp\www\yii\framework\web\actions\CAction.php(108): ReflectionMethod->invokeArgs()
#2 C:\wamp\www\yii\framework\web\actions\CInlineAction.php(47): CInlineAction->runWithParamsInternal()
#3 C:\wamp\www\yii\framework\web\CController.php(308): CInlineAction->runWithParams()
#4 C:\wamp\www\yii\framework\web\CController.php(286): ApiController->runAction()
#5 C:\wamp\www\yii\framework\web\CController.php(265): ApiController->runActionWithFilters()
#6 C:\wamp\www\yii\framework\web\CWebApplication.php(282): ApiController->run()
#7 C:\wamp\www\yii\framework\web\CWebApplication.php(141): CWebApplication->runController()
#8 C:\wamp\www\yii\framework\base\CApplication.php(169): CWebApplication->processRequest()
#9 C:\wamp\www\yii\ws_clima_inta\index.php(13): CWebApplication->run()
REQUEST_URI=/yii/ws_clima_inta/index.php?r=api/DatosActuales&ema=INTALBELT
in C:\wamp\www\yii\ws_clima_inta\protected\controllers\ApiController.php (19)
in C:\wamp\www\yii\ws_clima_inta\protected\controllers\ApiController.php (46)
in C:\wamp\www\yii\ws_clima_inta\index.php (13)
2014/10/11 15:33:03 [error] [php] Undefined variable: stream (C:\wamp\www\yii\ws_clima_inta\protected\controllers\ApiController.php:32)
Stack trace:
#0 C:\wamp\www\yii\framework\web\actions\CAction.php(108): ReflectionMethod->invokeArgs()
#1 C:\wamp\www\yii\framework\web\actions\CInlineAction.php(47): CInlineAction->runWithParamsInternal()
#2 C:\wamp\www\yii\framework\web\CController.php(308): CInlineAction->runWithParams()
#3 C:\wamp\www\yii\framework\web\CController.php(286): ApiController->runAction()
#4 C:\wamp\www\yii\framework\web\CController.php(265): ApiController->runActionWithFilters()
#5 C:\wamp\www\yii\framework\web\CWebApplication.php(282): ApiController->run()
#6 C:\wamp\www\yii\framework\web\CWebApplication.php(141): CWebApplication->runController()
#7 C:\wamp\www\yii\framework\base\CApplication.php(169): CWebApplication->processRequest()
#8 C:\wamp\www\yii\ws_clima_inta\index.php(13): CWebApplication->run()
REQUEST_URI=/yii/ws_clima_inta/index.php?r=api/DatosActuales&ema=INTALBELT
in C:\wamp\www\yii\ws_clima_inta\protected\controllers\ApiController.php (32)
in C:\wamp\www\yii\ws_clima_inta\protected\controllers\ApiController.php (64)
in C:\wamp\www\yii\ws_clima_inta\index.php (13)
2014/10/11 23:40:56 [error] [php] Undefined offset: 5 (C:\wamp\www\yii\ws_clima_inta\protected\controllers\ApiController.php:72)
Stack trace:
#0 C:\wamp\www\yii\framework\web\actions\CInlineAction.php(47): CInlineAction->runWithParamsInternal()
#1 C:\wamp\www\yii\framework\web\CController.php(308): CInlineAction->runWithParams()
#2 C:\wamp\www\yii\framework\web\CController.php(286): ApiController->runAction()
#3 C:\wamp\www\yii\framework\web\CController.php(265): ApiController->runActionWithFilters()
#4 C:\wamp\www\yii\framework\web\CWebApplication.php(282): ApiController->run()
#5 C:\wamp\www\yii\framework\web\CWebApplication.php(141): CWebApplication->runController()
#6 C:\wamp\www\yii\framework\base\CApplication.php(169): CWebApplication->processRequest()
#7 C:\wamp\www\yii\ws_clima_inta\index.php(13): CWebApplication->run()
REQUEST_URI=/yii/ws_clima_inta/index.php?r=api/DatosActuales&ema=INTACHANA
in C:\wamp\www\yii\ws_clima_inta\protected\controllers\ApiController.php (72)
in C:\wamp\www\yii\ws_clima_inta\index.php (13)
2014/10/11 23:41:51 [error] [php] Undefined offset: 5 (C:\wamp\www\yii\ws_clima_inta\protected\controllers\ApiController.php:72)
Stack trace:
#0 C:\wamp\www\yii\framework\web\actions\CInlineAction.php(47): CInlineAction->runWithParamsInternal()
#1 C:\wamp\www\yii\framework\web\CController.php(308): CInlineAction->runWithParams()
#2 C:\wamp\www\yii\framework\web\CController.php(286): ApiController->runAction()
#3 C:\wamp\www\yii\framework\web\CController.php(265): ApiController->runActionWithFilters()
#4 C:\wamp\www\yii\framework\web\CWebApplication.php(282): ApiController->run()
#5 C:\wamp\www\yii\framework\web\CWebApplication.php(141): CWebApplication->runController()
#6 C:\wamp\www\yii\framework\base\CApplication.php(169): CWebApplication->processRequest()
#7 C:\wamp\www\yii\ws_clima_inta\index.php(13): CWebApplication->run()
REQUEST_URI=/yii/ws_clima_inta/index.php?r=api/DatosActuales&ema=INTACHANA
in C:\wamp\www\yii\ws_clima_inta\protected\controllers\ApiController.php (72)
in C:\wamp\www\yii\ws_clima_inta\index.php (13)
2014/10/11 23:45:16 [error] [php] Undefined offset: 5 (C:\wamp\www\yii\ws_clima_inta\protected\controllers\ApiController.php:73)
Stack trace:
#0 C:\wamp\www\yii\framework\web\actions\CInlineAction.php(47): CInlineAction->runWithParamsInternal()
#1 C:\wamp\www\yii\framework\web\CController.php(308): CInlineAction->runWithParams()
#2 C:\wamp\www\yii\framework\web\CController.php(286): ApiController->runAction()
#3 C:\wamp\www\yii\framework\web\CController.php(265): ApiController->runActionWithFilters()
#4 C:\wamp\www\yii\framework\web\CWebApplication.php(282): ApiController->run()
#5 C:\wamp\www\yii\framework\web\CWebApplication.php(141): CWebApplication->runController()
#6 C:\wamp\www\yii\framework\base\CApplication.php(169): CWebApplication->processRequest()
#7 C:\wamp\www\yii\ws_clima_inta\index.php(13): CWebApplication->run()
REQUEST_URI=/yii/ws_clima_inta/index.php?r=api/DatosActuales&ema=INTACHANA
in C:\wamp\www\yii\ws_clima_inta\protected\controllers\ApiController.php (73)
in C:\wamp\www\yii\ws_clima_inta\index.php (13)
2014/10/11 23:46:06 [error] [php] Array to string conversion (C:\wamp\www\yii\ws_clima_inta\protected\controllers\ApiController.php:66)
Stack trace:
#0 C:\wamp\www\yii\framework\web\actions\CInlineAction.php(47): CInlineAction->runWithParamsInternal()
#1 C:\wamp\www\yii\framework\web\CController.php(308): CInlineAction->runWithParams()
#2 C:\wamp\www\yii\framework\web\CController.php(286): ApiController->runAction()
#3 C:\wamp\www\yii\framework\web\CController.php(265): ApiController->runActionWithFilters()
#4 C:\wamp\www\yii\framework\web\CWebApplication.php(282): ApiController->run()
#5 C:\wamp\www\yii\framework\web\CWebApplication.php(141): CWebApplication->runController()
#6 C:\wamp\www\yii\framework\base\CApplication.php(169): CWebApplication->processRequest()
#7 C:\wamp\www\yii\ws_clima_inta\index.php(13): CWebApplication->run()
REQUEST_URI=/yii/ws_clima_inta/index.php?r=api/DatosActuales&ema=INTACHANA
in C:\wamp\www\yii\ws_clima_inta\protected\controllers\ApiController.php (66)
in C:\wamp\www\yii\ws_clima_inta\index.php (13)
2014/10/11 23:46:58 [error] [php] Undefined offset: 5 (C:\wamp\www\yii\ws_clima_inta\protected\controllers\ApiController.php:75)
Stack trace:
#0 C:\wamp\www\yii\framework\web\actions\CInlineAction.php(47): CInlineAction->runWithParamsInternal()
#1 C:\wamp\www\yii\framework\web\CController.php(308): CInlineAction->runWithParams()
#2 C:\wamp\www\yii\framework\web\CController.php(286): ApiController->runAction()
#3 C:\wamp\www\yii\framework\web\CController.php(265): ApiController->runActionWithFilters()
#4 C:\wamp\www\yii\framework\web\CWebApplication.php(282): ApiController->run()
#5 C:\wamp\www\yii\framework\web\CWebApplication.php(141): CWebApplication->runController()
#6 C:\wamp\www\yii\framework\base\CApplication.php(169): CWebApplication->processRequest()
#7 C:\wamp\www\yii\ws_clima_inta\index.php(13): CWebApplication->run()
REQUEST_URI=/yii/ws_clima_inta/index.php?r=api/DatosActuales&ema=INTACHANA
in C:\wamp\www\yii\ws_clima_inta\protected\controllers\ApiController.php (75)
in C:\wamp\www\yii\ws_clima_inta\index.php (13)
2014/10/11 23:47:48 [error] [php] Undefined offset: 5 (C:\wamp\www\yii\ws_clima_inta\protected\controllers\ApiController.php:71)
Stack trace:
#0 C:\wamp\www\yii\framework\web\actions\CInlineAction.php(47): CInlineAction->runWithParamsInternal()
#1 C:\wamp\www\yii\framework\web\CController.php(308): CInlineAction->runWithParams()
#2 C:\wamp\www\yii\framework\web\CController.php(286): ApiController->runAction()
#3 C:\wamp\www\yii\framework\web\CController.php(265): ApiController->runActionWithFilters()
#4 C:\wamp\www\yii\framework\web\CWebApplication.php(282): ApiController->run()
#5 C:\wamp\www\yii\framework\web\CWebApplication.php(141): CWebApplication->runController()
#6 C:\wamp\www\yii\framework\base\CApplication.php(169): CWebApplication->processRequest()
#7 C:\wamp\www\yii\ws_clima_inta\index.php(13): CWebApplication->run()
REQUEST_URI=/yii/ws_clima_inta/index.php?r=api/DatosActuales&ema=INTACHANA
in C:\wamp\www\yii\ws_clima_inta\protected\controllers\ApiController.php (71)
in C:\wamp\www\yii\ws_clima_inta\index.php (13)
2014/10/11 23:50:26 [error] [php] Undefined offset: 5 (C:\wamp\www\yii\ws_clima_inta\protected\controllers\ApiController.php:71)
Stack trace:
#0 C:\wamp\www\yii\framework\web\actions\CInlineAction.php(47): CInlineAction->runWithParamsInternal()
#1 C:\wamp\www\yii\framework\web\CController.php(308): CInlineAction->runWithParams()
#2 C:\wamp\www\yii\framework\web\CController.php(286): ApiController->runAction()
#3 C:\wamp\www\yii\framework\web\CController.php(265): ApiController->runActionWithFilters()
#4 C:\wamp\www\yii\framework\web\CWebApplication.php(282): ApiController->run()
#5 C:\wamp\www\yii\framework\web\CWebApplication.php(141): CWebApplication->runController()
#6 C:\wamp\www\yii\framework\base\CApplication.php(169): CWebApplication->processRequest()
#7 C:\wamp\www\yii\ws_clima_inta\index.php(13): CWebApplication->run()
REQUEST_URI=/yii/ws_clima_inta/index.php?r=api/DatosActuales&ema=INTACHANA
in C:\wamp\www\yii\ws_clima_inta\protected\controllers\ApiController.php (71)
in C:\wamp\www\yii\ws_clima_inta\index.php (13)
2014/10/11 23:50:33 [error] [php] Undefined offset: 5 (C:\wamp\www\yii\ws_clima_inta\protected\controllers\ApiController.php:71)
Stack trace:
#0 C:\wamp\www\yii\framework\web\actions\CInlineAction.php(47): CInlineAction->runWithParamsInternal()
#1 C:\wamp\www\yii\framework\web\CController.php(308): CInlineAction->runWithParams()
#2 C:\wamp\www\yii\framework\web\CController.php(286): ApiController->runAction()
#3 C:\wamp\www\yii\framework\web\CController.php(265): ApiController->runActionWithFilters()
#4 C:\wamp\www\yii\framework\web\CWebApplication.php(282): ApiController->run()
#5 C:\wamp\www\yii\framework\web\CWebApplication.php(141): CWebApplication->runController()
#6 C:\wamp\www\yii\framework\base\CApplication.php(169): CWebApplication->processRequest()
#7 C:\wamp\www\yii\ws_clima_inta\index.php(13): CWebApplication->run()
REQUEST_URI=/yii/ws_clima_inta/index.php?r=api/DatosActuales&ema=INTACHANA
in C:\wamp\www\yii\ws_clima_inta\protected\controllers\ApiController.php (71)
in C:\wamp\www\yii\ws_clima_inta\index.php (13)
2014/10/11 23:55:40 [error] [php] Undefined offset: 1 (C:\wamp\www\yii\ws_clima_inta\protected\controllers\ApiController.php:70)
Stack trace:
#0 C:\wamp\www\yii\framework\web\actions\CInlineAction.php(47): CInlineAction->runWithParamsInternal()
#1 C:\wamp\www\yii\framework\web\CController.php(308): CInlineAction->runWithParams()
#2 C:\wamp\www\yii\framework\web\CController.php(286): ApiController->runAction()
#3 C:\wamp\www\yii\framework\web\CController.php(265): ApiController->runActionWithFilters()
#4 C:\wamp\www\yii\framework\web\CWebApplication.php(282): ApiController->run()
#5 C:\wamp\www\yii\framework\web\CWebApplication.php(141): CWebApplication->runController()
#6 C:\wamp\www\yii\framework\base\CApplication.php(169): CWebApplication->processRequest()
#7 C:\wamp\www\yii\ws_clima_inta\index.php(13): CWebApplication->run()
REQUEST_URI=/yii/ws_clima_inta/index.php?r=api/DatosActuales&ema=INTACHANA
in C:\wamp\www\yii\ws_clima_inta\protected\controllers\ApiController.php (70)
in C:\wamp\www\yii\ws_clima_inta\index.php (13)
2014/10/12 00:05:15 [error] [php] Undefined offset: 1 (C:\wamp\www\yii\ws_clima_inta\protected\controllers\ApiController.php:71)
Stack trace:
#0 C:\wamp\www\yii\framework\web\actions\CInlineAction.php(47): CInlineAction->runWithParamsInternal()
#1 C:\wamp\www\yii\framework\web\CController.php(308): CInlineAction->runWithParams()
#2 C:\wamp\www\yii\framework\web\CController.php(286): ApiController->runAction()
#3 C:\wamp\www\yii\framework\web\CController.php(265): ApiController->runActionWithFilters()
#4 C:\wamp\www\yii\framework\web\CWebApplication.php(282): ApiController->run()
#5 C:\wamp\www\yii\framework\web\CWebApplication.php(141): CWebApplication->runController()
#6 C:\wamp\www\yii\framework\base\CApplication.php(169): CWebApplication->processRequest()
#7 C:\wamp\www\yii\ws_clima_inta\index.php(13): CWebApplication->run()
REQUEST_URI=/yii/ws_clima_inta/index.php?r=api/DatosActuales&ema=INTAGUERR
in C:\wamp\www\yii\ws_clima_inta\protected\controllers\ApiController.php (71)
in C:\wamp\www\yii\ws_clima_inta\index.php (13)
2014/10/12 00:05:53 [error] [php] Undefined offset: 1 (C:\wamp\www\yii\ws_clima_inta\protected\controllers\ApiController.php:71)
Stack trace:
#0 C:\wamp\www\yii\framework\web\actions\CInlineAction.php(47): CInlineAction->runWithParamsInternal()
#1 C:\wamp\www\yii\framework\web\CController.php(308): CInlineAction->runWithParams()
#2 C:\wamp\www\yii\framework\web\CController.php(286): ApiController->runAction()
#3 C:\wamp\www\yii\framework\web\CController.php(265): ApiController->runActionWithFilters()
#4 C:\wamp\www\yii\framework\web\CWebApplication.php(282): ApiController->run()
#5 C:\wamp\www\yii\framework\web\CWebApplication.php(141): CWebApplication->runController()
#6 C:\wamp\www\yii\framework\base\CApplication.php(169): CWebApplication->processRequest()
#7 C:\wamp\www\yii\ws_clima_inta\index.php(13): CWebApplication->run()
REQUEST_URI=/yii/ws_clima_inta/index.php?r=api/DatosActuales&ema=INTAGUERR
in C:\wamp\www\yii\ws_clima_inta\protected\controllers\ApiController.php (71)
in C:\wamp\www\yii\ws_clima_inta\index.php (13)
2014/10/12 00:06:23 [error] [php] Undefined offset: 1 (C:\wamp\www\yii\ws_clima_inta\protected\controllers\ApiController.php:71)
Stack trace:
#0 C:\wamp\www\yii\framework\web\actions\CInlineAction.php(47): CInlineAction->runWithParamsInternal()
#1 C:\wamp\www\yii\framework\web\CController.php(308): CInlineAction->runWithParams()
#2 C:\wamp\www\yii\framework\web\CController.php(286): ApiController->runAction()
#3 C:\wamp\www\yii\framework\web\CController.php(265): ApiController->runActionWithFilters()
#4 C:\wamp\www\yii\framework\web\CWebApplication.php(282): ApiController->run()
#5 C:\wamp\www\yii\framework\web\CWebApplication.php(141): CWebApplication->runController()
#6 C:\wamp\www\yii\framework\base\CApplication.php(169): CWebApplication->processRequest()
#7 C:\wamp\www\yii\ws_clima_inta\index.php(13): CWebApplication->run()
REQUEST_URI=/yii/ws_clima_inta/index.php?r=api/DatosActuales&ema=INTAGUERR
in C:\wamp\www\yii\ws_clima_inta\protected\controllers\ApiController.php (71)
in C:\wamp\www\yii\ws_clima_inta\index.php (13)
2014/10/12 00:06:32 [error] [php] Undefined offset: 1 (C:\wamp\www\yii\ws_clima_inta\protected\controllers\ApiController.php:71)
Stack trace:
#0 C:\wamp\www\yii\framework\web\actions\CInlineAction.php(47): CInlineAction->runWithParamsInternal()
#1 C:\wamp\www\yii\framework\web\CController.php(308): CInlineAction->runWithParams()
#2 C:\wamp\www\yii\framework\web\CController.php(286): ApiController->runAction()
#3 C:\wamp\www\yii\framework\web\CController.php(265): ApiController->runActionWithFilters()
#4 C:\wamp\www\yii\framework\web\CWebApplication.php(282): ApiController->run()
#5 C:\wamp\www\yii\framework\web\CWebApplication.php(141): CWebApplication->runController()
#6 C:\wamp\www\yii\framework\base\CApplication.php(169): CWebApplication->processRequest()
#7 C:\wamp\www\yii\ws_clima_inta\index.php(13): CWebApplication->run()
REQUEST_URI=/yii/ws_clima_inta/index.php?r=api/DatosActuales&ema=INTAGUERR
in C:\wamp\www\yii\ws_clima_inta\protected\controllers\ApiController.php (71)
in C:\wamp\www\yii\ws_clima_inta\index.php (13)
2014/10/12 00:07:53 [error] [php] Undefined offset: 1 (C:\wamp\www\yii\ws_clima_inta\protected\controllers\ApiController.php:71)
Stack trace:
#0 C:\wamp\www\yii\framework\web\actions\CInlineAction.php(47): CInlineAction->runWithParamsInternal()
#1 C:\wamp\www\yii\framework\web\CController.php(308): CInlineAction->runWithParams()
#2 C:\wamp\www\yii\framework\web\CController.php(286): ApiController->runAction()
#3 C:\wamp\www\yii\framework\web\CController.php(265): ApiController->runActionWithFilters()
#4 C:\wamp\www\yii\framework\web\CWebApplication.php(282): ApiController->run()
#5 C:\wamp\www\yii\framework\web\CWebApplication.php(141): CWebApplication->runController()
#6 C:\wamp\www\yii\framework\base\CApplication.php(169): CWebApplication->processRequest()
#7 C:\wamp\www\yii\ws_clima_inta\index.php(13): CWebApplication->run()
REQUEST_URI=/yii/ws_clima_inta/index.php?r=api/DatosActuales&ema=INTAGUERR
in C:\wamp\www\yii\ws_clima_inta\protected\controllers\ApiController.php (71)
in C:\wamp\www\yii\ws_clima_inta\index.php (13)
2014/10/12 00:07:58 [error] [php] Undefined offset: 1 (C:\wamp\www\yii\ws_clima_inta\protected\controllers\ApiController.php:71)
Stack trace:
#0 C:\wamp\www\yii\framework\web\actions\CInlineAction.php(47): CInlineAction->runWithParamsInternal()
#1 C:\wamp\www\yii\framework\web\CController.php(308): CInlineAction->runWithParams()
#2 C:\wamp\www\yii\framework\web\CController.php(286): ApiController->runAction()
#3 C:\wamp\www\yii\framework\web\CController.php(265): ApiController->runActionWithFilters()
#4 C:\wamp\www\yii\framework\web\CWebApplication.php(282): ApiController->run()
#5 C:\wamp\www\yii\framework\web\CWebApplication.php(141): CWebApplication->runController()
#6 C:\wamp\www\yii\framework\base\CApplication.php(169): CWebApplication->processRequest()
#7 C:\wamp\www\yii\ws_clima_inta\index.php(13): CWebApplication->run()
REQUEST_URI=/yii/ws_clima_inta/index.php?r=api/DatosActuales&ema=INTAGUERR
in C:\wamp\www\yii\ws_clima_inta\protected\controllers\ApiController.php (71)
in C:\wamp\www\yii\ws_clima_inta\index.php (13)
2014/10/12 00:08:11 [error] [php] Undefined offset: 1 (C:\wamp\www\yii\ws_clima_inta\protected\controllers\ApiController.php:71)
Stack trace:
#0 C:\wamp\www\yii\framework\web\actions\CInlineAction.php(47): CInlineAction->runWithParamsInternal()
#1 C:\wamp\www\yii\framework\web\CController.php(308): CInlineAction->runWithParams()
#2 C:\wamp\www\yii\framework\web\CController.php(286): ApiController->runAction()
#3 C:\wamp\www\yii\framework\web\CController.php(265): ApiController->runActionWithFilters()
#4 C:\wamp\www\yii\framework\web\CWebApplication.php(282): ApiController->run()
#5 C:\wamp\www\yii\framework\web\CWebApplication.php(141): CWebApplication->runController()
#6 C:\wamp\www\yii\framework\base\CApplication.php(169): CWebApplication->processRequest()
#7 C:\wamp\www\yii\ws_clima_inta\index.php(13): CWebApplication->run()
REQUEST_URI=/yii/ws_clima_inta/index.php?r=api/DatosActuales&ema=INTAGUERR
in C:\wamp\www\yii\ws_clima_inta\protected\controllers\ApiController.php (71)
in C:\wamp\www\yii\ws_clima_inta\index.php (13)
2014/10/12 00:12:37 [error] [php] Undefined offset: 5 (C:\wamp\www\yii\ws_clima_inta\protected\controllers\ApiController.php:72)
Stack trace:
#0 C:\wamp\www\yii\framework\web\actions\CInlineAction.php(47): CInlineAction->runWithParamsInternal()
#1 C:\wamp\www\yii\framework\web\CController.php(308): CInlineAction->runWithParams()
#2 C:\wamp\www\yii\framework\web\CController.php(286): ApiController->runAction()
#3 C:\wamp\www\yii\framework\web\CController.php(265): ApiController->runActionWithFilters()
#4 C:\wamp\www\yii\framework\web\CWebApplication.php(282): ApiController->run()
#5 C:\wamp\www\yii\framework\web\CWebApplication.php(141): CWebApplication->runController()
#6 C:\wamp\www\yii\framework\base\CApplication.php(169): CWebApplication->processRequest()
#7 C:\wamp\www\yii\ws_clima_inta\index.php(13): CWebApplication->run()
REQUEST_URI=/yii/ws_clima_inta/index.php?r=api/DatosActuales&ema=INTACHANA
in C:\wamp\www\yii\ws_clima_inta\protected\controllers\ApiController.php (72)
in C:\wamp\www\yii\ws_clima_inta\index.php (13)
2014/10/12 00:13:38 [error] [php] Undefined offset: 5 (C:\wamp\www\yii\ws_clima_inta\protected\controllers\ApiController.php:72)
Stack trace:
#0 C:\wamp\www\yii\framework\web\actions\CInlineAction.php(47): CInlineAction->runWithParamsInternal()
#1 C:\wamp\www\yii\framework\web\CController.php(308): CInlineAction->runWithParams()
#2 C:\wamp\www\yii\framework\web\CController.php(286): ApiController->runAction()
#3 C:\wamp\www\yii\framework\web\CController.php(265): ApiController->runActionWithFilters()
#4 C:\wamp\www\yii\framework\web\CWebApplication.php(282): ApiController->run()
#5 C:\wamp\www\yii\framework\web\CWebApplication.php(141): CWebApplication->runController()
#6 C:\wamp\www\yii\framework\base\CApplication.php(169): CWebApplication->processRequest()
#7 C:\wamp\www\yii\ws_clima_inta\index.php(13): CWebApplication->run()
REQUEST_URI=/yii/ws_clima_inta/index.php?r=api/DatosActuales&ema=INTACHANA
in C:\wamp\www\yii\ws_clima_inta\protected\controllers\ApiController.php (72)
in C:\wamp\www\yii\ws_clima_inta\index.php (13)
2014/10/12 00:16:00 [error] [php] Undefined offset: 5 (C:\wamp\www\yii\ws_clima_inta\protected\controllers\ApiController.php:72)
Stack trace:
#0 C:\wamp\www\yii\framework\web\actions\CInlineAction.php(47): CInlineAction->runWithParamsInternal()
#1 C:\wamp\www\yii\framework\web\CController.php(308): CInlineAction->runWithParams()
#2 C:\wamp\www\yii\framework\web\CController.php(286): ApiController->runAction()
#3 C:\wamp\www\yii\framework\web\CController.php(265): ApiController->runActionWithFilters()
#4 C:\wamp\www\yii\framework\web\CWebApplication.php(282): ApiController->run()
#5 C:\wamp\www\yii\framework\web\CWebApplication.php(141): CWebApplication->runController()
#6 C:\wamp\www\yii\framework\base\CApplication.php(169): CWebApplication->processRequest()
#7 C:\wamp\www\yii\ws_clima_inta\index.php(13): CWebApplication->run()
REQUEST_URI=/yii/ws_clima_inta/index.php?r=api/DatosActuales&ema=INTACHANA
in C:\wamp\www\yii\ws_clima_inta\protected\controllers\ApiController.php (72)
in C:\wamp\www\yii\ws_clima_inta\index.php (13)
2014/10/12 00:16:49 [error] [php] Undefined offset: 5 (C:\wamp\www\yii\ws_clima_inta\protected\controllers\ApiController.php:72)
Stack trace:
#0 C:\wamp\www\yii\framework\web\actions\CInlineAction.php(47): CInlineAction->runWithParamsInternal()
#1 C:\wamp\www\yii\framework\web\CController.php(308): CInlineAction->runWithParams()
#2 C:\wamp\www\yii\framework\web\CController.php(286): ApiController->runAction()
#3 C:\wamp\www\yii\framework\web\CController.php(265): ApiController->runActionWithFilters()
#4 C:\wamp\www\yii\framework\web\CWebApplication.php(282): ApiController->run()
#5 C:\wamp\www\yii\framework\web\CWebApplication.php(141): CWebApplication->runController()
#6 C:\wamp\www\yii\framework\base\CApplication.php(169): CWebApplication->processRequest()
#7 C:\wamp\www\yii\ws_clima_inta\index.php(13): CWebApplication->run()
REQUEST_URI=/yii/ws_clima_inta/index.php?r=api/DatosActuales&ema=INTACHANA
in C:\wamp\www\yii\ws_clima_inta\protected\controllers\ApiController.php (72)
in C:\wamp\www\yii\ws_clima_inta\index.php (13)
2014/10/12 00:48:24 [error] [php] Undefined offset: 5 (C:\wamp\www\yii\ws_clima_inta\protected\controllers\ApiController.php:73)
Stack trace:
#0 C:\wamp\www\yii\framework\web\actions\CInlineAction.php(47): CInlineAction->runWithParamsInternal()
#1 C:\wamp\www\yii\framework\web\CController.php(308): CInlineAction->runWithParams()
#2 C:\wamp\www\yii\framework\web\CController.php(286): ApiController->runAction()
#3 C:\wamp\www\yii\framework\web\CController.php(265): ApiController->runActionWithFilters()
#4 C:\wamp\www\yii\framework\web\CWebApplication.php(282): ApiController->run()
#5 C:\wamp\www\yii\framework\web\CWebApplication.php(141): CWebApplication->runController()
#6 C:\wamp\www\yii\framework\base\CApplication.php(169): CWebApplication->processRequest()
#7 C:\wamp\www\yii\ws_clima_inta\index.php(13): CWebApplication->run()
REQUEST_URI=/yii/ws_clima_inta/index.php?r=api/DatosActuales&ema=INTACHANA
in C:\wamp\www\yii\ws_clima_inta\protected\controllers\ApiController.php (73)
in C:\wamp\www\yii\ws_clima_inta\index.php (13)
2014/10/13 02:41:34 [error] [exception.CHttpException.404] exception 'CHttpException' with message 'The system is unable to find the requested action "index".' in C:\wamp\www\yii\framework\web\CController.php:483
Stack trace:
#0 C:\wamp\www\yii\framework\web\CController.php(270): CController->missingAction('')
#1 C:\wamp\www\yii\framework\web\CWebApplication.php(282): CController->run('')
#2 C:\wamp\www\yii\framework\web\CWebApplication.php(141): CWebApplication->runController('api')
#3 C:\wamp\www\yii\framework\base\CApplication.php(169): CWebApplication->processRequest()
#4 C:\wamp\www\yii\ws_clima_inta\index.php(13): CApplication->run()
#5 {main}
REQUEST_URI=/yii/ws_clima_inta/index.php?r=api
---
2014/10/13 02:43:13 [error] [exception.CHttpException.400] exception 'CHttpException' with message 'Your request is invalid.' in C:\wamp\www\yii\framework\web\CController.php:336
Stack trace:
#0 C:\wamp\www\yii\framework\web\CController.php(309): CController->invalidActionParams(Object(CInlineAction))
#1 C:\wamp\www\yii\framework\web\CController.php(286): CController->runAction(Object(CInlineAction))
#2 C:\wamp\www\yii\framework\web\CController.php(265): CController->runActionWithFilters(Object(CInlineAction), Array)
#3 C:\wamp\www\yii\framework\web\CWebApplication.php(282): CController->run('datosActuales')
#4 C:\wamp\www\yii\framework\web\CWebApplication.php(141): CWebApplication->runController('api/datosActual...')
#5 C:\wamp\www\yii\framework\base\CApplication.php(169): CWebApplication->processRequest()
#6 C:\wamp\www\yii\ws_clima_inta\index.php(13): CApplication->run()
#7 {main}
REQUEST_URI=/yii/ws_clima_inta/index.php?r=api/datosActuales
---
2014/10/13 02:44:33 [error] [exception.CHttpException.404] exception 'CHttpException' with message 'The system is unable to find the requested action "datosActuales?ema=INTACHANA".' in C:\wamp\www\yii\framework\web\CController.php:483
Stack trace:
#0 C:\wamp\www\yii\framework\web\CController.php(270): CController->missingAction('datosActuales?e...')
#1 C:\wamp\www\yii\framework\web\CWebApplication.php(282): CController->run('datosActuales?e...')
#2 C:\wamp\www\yii\framework\web\CWebApplication.php(141): CWebApplication->runController('api/datosActual...')
#3 C:\wamp\www\yii\framework\base\CApplication.php(169): CWebApplication->processRequest()
#4 C:\wamp\www\yii\ws_clima_inta\index.php(13): CApplication->run()
#5 {main}
REQUEST_URI=/yii/ws_clima_inta/index.php?r=api/datosActuales?ema=INTACHANA
---
2014/10/13 02:45:58 [error] [exception.CHttpException.404] exception 'CHttpException' with message 'The system is unable to find the requested action "datosActuales?ema=INTACHANA".' in C:\wamp\www\yii\framework\web\CController.php:483
Stack trace:
#0 C:\wamp\www\yii\framework\web\CController.php(270): CController->missingAction('datosActuales?e...')
#1 C:\wamp\www\yii\framework\web\CWebApplication.php(282): CController->run('datosActuales?e...')
#2 C:\wamp\www\yii\framework\web\CWebApplication.php(141): CWebApplication->runController('api/datosActual...')
#3 C:\wamp\www\yii\framework\base\CApplication.php(169): CWebApplication->processRequest()
#4 C:\wamp\www\yii\ws_clima_inta\index.php(13): CApplication->run()
#5 {main}
REQUEST_URI=/yii/ws_clima_inta/index.php?r=api/datosActuales?ema=INTACHANA
---
2014/10/13 02:45:59 [error] [exception.CHttpException.400] exception 'CHttpException' with message 'Your request is invalid.' in C:\wamp\www\yii\framework\web\CController.php:336
Stack trace:
#0 C:\wamp\www\yii\framework\web\CController.php(309): CController->invalidActionParams(Object(CInlineAction))
#1 C:\wamp\www\yii\framework\web\CController.php(286): CController->runAction(Object(CInlineAction))
#2 C:\wamp\www\yii\framework\web\CController.php(265): CController->runActionWithFilters(Object(CInlineAction), Array)
#3 C:\wamp\www\yii\framework\web\CWebApplication.php(282): CController->run('datosActuales')
#4 C:\wamp\www\yii\framework\web\CWebApplication.php(141): CWebApplication->runController('api/datosActual...')
#5 C:\wamp\www\yii\framework\base\CApplication.php(169): CWebApplication->processRequest()
#6 C:\wamp\www\yii\ws_clima_inta\index.php(13): CApplication->run()
#7 {main}
REQUEST_URI=/yii/ws_clima_inta/index.php?r=api/datosActuales
---
2014/10/13 02:46:01 [error] [exception.CHttpException.404] exception 'CHttpException' with message 'The system is unable to find the requested action "index".' in C:\wamp\www\yii\framework\web\CController.php:483
Stack trace:
#0 C:\wamp\www\yii\framework\web\CController.php(270): CController->missingAction('')
#1 C:\wamp\www\yii\framework\web\CWebApplication.php(282): CController->run('')
#2 C:\wamp\www\yii\framework\web\CWebApplication.php(141): CWebApplication->runController('api')
#3 C:\wamp\www\yii\framework\base\CApplication.php(169): CWebApplication->processRequest()
#4 C:\wamp\www\yii\ws_clima_inta\index.php(13): CApplication->run()
#5 {main}
REQUEST_URI=/yii/ws_clima_inta/index.php?r=api
---
2014/10/13 19:37:10 [error] [exception.CException] exception 'CException' with message 'Propiedad "CDataColumn"."options" no se encuentra definida.' in C:\wamp\www\yii\framework\base\CComponent.php:173
Stack trace:
#0 C:\wamp\www\yii\framework\YiiBase.php(220): CComponent->__set('options', Array)
#1 C:\wamp\www\yii\framework\zii\widgets\grid\CGridView.php(363): YiiBase::createComponent(Array, Object(CGridView))
#2 C:\wamp\www\yii\framework\zii\widgets\grid\CGridView.php(334): CGridView->initColumns()
#3 C:\wamp\www\yii\framework\web\CBaseController.php(147): CGridView->init()
#4 C:\wamp\www\yii\framework\web\CBaseController.php(172): CBaseController->createWidget('zii.widgets.gri...', Array)
#5 C:\wamp\www\yii\ws_clima_inta\protected\views\site\index.php(55): CBaseController->widget('zii.widgets.gri...', Array)
#6 C:\wamp\www\yii\framework\web\CBaseController.php(126): require('C:\wamp\www\yii...')
#7 C:\wamp\www\yii\framework\web\CBaseController.php(95): CBaseController->renderInternal('C:\wamp\www\yii...', NULL, true)
#8 C:\wamp\www\yii\framework\web\CController.php(869): CBaseController->renderFile('C:\wamp\www\yii...', NULL, true)
#9 C:\wamp\www\yii\framework\web\CController.php(782): CController->renderPartial('index', NULL, true)
#10 C:\wamp\www\yii\ws_clima_inta\protected\controllers\SiteController.php(32): CController->render('index')
#11 C:\wamp\www\yii\framework\web\actions\CInlineAction.php(49): SiteController->actionIndex()
#12 C:\wamp\www\yii\framework\web\CController.php(308): CInlineAction->runWithParams(Array)
#13 C:\wamp\www\yii\framework\web\CController.php(286): CController->runAction(Object(CInlineAction))
#14 C:\wamp\www\yii\framework\web\CController.php(265): CController->runActionWithFilters(Object(CInlineAction), Array)
#15 C:\wamp\www\yii\framework\web\CWebApplication.php(282): CController->run('')
#16 C:\wamp\www\yii\framework\web\CWebApplication.php(141): CWebApplication->runController('')
#17 C:\wamp\www\yii\framework\base\CApplication.php(169): CWebApplication->processRequest()
#18 C:\wamp\www\yii\ws_clima_inta\index.php(13): CApplication->run()
#19 {main}
REQUEST_URI=/yii/ws_clima_inta/index.php
---
2014/10/13 19:38:27 [error] [exception.CException] exception 'CException' with message 'Propiedad "Emas"."trading_name" no se encuentra definida.' in C:\wamp\www\yii\framework\base\CComponent.php:130
Stack trace:
#0 C:\wamp\www\yii\framework\db\ar\CActiveRecord.php(143): CComponent->__get('trading_name')
#1 C:\wamp\www\yii\framework\base\CComponent.php(606) : eval()'d code(1): CActiveRecord->__get('trading_name')
#2 C:\wamp\www\yii\framework\base\CComponent.php(606): eval()
#3 C:\wamp\www\yii\framework\zii\widgets\grid\CDataColumn.php(131): CComponent->evaluateExpression('CHtml::link($da...', Array)
#4 C:\wamp\www\yii\framework\zii\widgets\grid\CGridColumn.php(144): CDataColumn->renderDataCellContent(0, Object(Emas))
#5 C:\wamp\www\yii\framework\zii\widgets\grid\CGridView.php(589): CGridColumn->renderDataCell(0)
#6 C:\wamp\www\yii\framework\zii\widgets\grid\CGridView.php(545): CGridView->renderTableRow(0)
#7 C:\wamp\www\yii\framework\zii\widgets\grid\CGridView.php(455): CGridView->renderTableBody()
#8 C:\wamp\www\yii\framework\zii\widgets\CBaseListView.php(160): CGridView->renderItems()
#9 [internal function]: CBaseListView->renderSection(Array)
#10 C:\wamp\www\yii\framework\zii\widgets\CBaseListView.php(143): preg_replace_callback('/{(\w+)}/', Array, '{summary}?{item...')
#11 C:\wamp\www\yii\framework\zii\widgets\CBaseListView.php(128): CBaseListView->renderContent()
#12 C:\wamp\www\yii\framework\web\CBaseController.php(173): CBaseListView->run()
#13 C:\wamp\www\yii\ws_clima_inta\protected\views\site\index.php(50): CBaseController->widget('zii.widgets.gri...', Array)
#14 C:\wamp\www\yii\framework\web\CBaseController.php(126): require('C:\wamp\www\yii...')
#15 C:\wamp\www\yii\framework\web\CBaseController.php(95): CBaseController->renderInternal('C:\wamp\www\yii...', NULL, true)
#16 C:\wamp\www\yii\framework\web\CController.php(869): CBaseController->renderFile('C:\wamp\www\yii...', NULL, true)
#17 C:\wamp\www\yii\framework\web\CController.php(782): CController->renderPartial('index', NULL, true)
#18 C:\wamp\www\yii\ws_clima_inta\protected\controllers\SiteController.php(32): CController->render('index')
#19 C:\wamp\www\yii\framework\web\actions\CInlineAction.php(49): SiteController->actionIndex()
#20 C:\wamp\www\yii\framework\web\CController.php(308): CInlineAction->runWithParams(Array)
#21 C:\wamp\www\yii\framework\web\CController.php(286): CController->runAction(Object(CInlineAction))
#22 C:\wamp\www\yii\framework\web\CController.php(265): CController->runActionWithFilters(Object(CInlineAction), Array)
#23 C:\wamp\www\yii\framework\web\CWebApplication.php(282): CController->run('')
#24 C:\wamp\www\yii\framework\web\CWebApplication.php(141): CWebApplication->runController('')
#25 C:\wamp\www\yii\framework\base\CApplication.php(169): CWebApplication->processRequest()
#26 C:\wamp\www\yii\ws_clima_inta\index.php(13): CApplication->run()
#27 {main}
REQUEST_URI=/yii/ws_clima_inta/index.php
---
2014/10/13 19:38:46 [error] [exception.CException] exception 'CException' with message 'Propiedad "Emas"."trading_name" no se encuentra definida.' in C:\wamp\www\yii\framework\base\CComponent.php:130
Stack trace:
#0 C:\wamp\www\yii\framework\db\ar\CActiveRecord.php(143): CComponent->__get('trading_name')
#1 C:\wamp\www\yii\framework\base\CComponent.php(606) : eval()'d code(1): CActiveRecord->__get('trading_name')
#2 C:\wamp\www\yii\framework\base\CComponent.php(606): eval()
#3 C:\wamp\www\yii\framework\zii\widgets\grid\CDataColumn.php(131): CComponent->evaluateExpression('CHtml::link($da...', Array)
#4 C:\wamp\www\yii\framework\zii\widgets\grid\CGridColumn.php(144): CDataColumn->renderDataCellContent(0, Object(Emas))
#5 C:\wamp\www\yii\framework\zii\widgets\grid\CGridView.php(589): CGridColumn->renderDataCell(0)
#6 C:\wamp\www\yii\framework\zii\widgets\grid\CGridView.php(545): CGridView->renderTableRow(0)
#7 C:\wamp\www\yii\framework\zii\widgets\grid\CGridView.php(455): CGridView->renderTableBody()
#8 C:\wamp\www\yii\framework\zii\widgets\CBaseListView.php(160): CGridView->renderItems()
#9 [internal function]: CBaseListView->renderSection(Array)
#10 C:\wamp\www\yii\framework\zii\widgets\CBaseListView.php(143): preg_replace_callback('/{(\w+)}/', Array, '{summary}?{item...')
#11 C:\wamp\www\yii\framework\zii\widgets\CBaseListView.php(128): CBaseListView->renderContent()
#12 C:\wamp\www\yii\framework\web\CBaseController.php(173): CBaseListView->run()
#13 C:\wamp\www\yii\ws_clima_inta\protected\views\site\index.php(50): CBaseController->widget('zii.widgets.gri...', Array)
#14 C:\wamp\www\yii\framework\web\CBaseController.php(126): require('C:\wamp\www\yii...')
#15 C:\wamp\www\yii\framework\web\CBaseController.php(95): CBaseController->renderInternal('C:\wamp\www\yii...', NULL, true)
#16 C:\wamp\www\yii\framework\web\CController.php(869): CBaseController->renderFile('C:\wamp\www\yii...', NULL, true)
#17 C:\wamp\www\yii\framework\web\CController.php(782): CController->renderPartial('index', NULL, true)
#18 C:\wamp\www\yii\ws_clima_inta\protected\controllers\SiteController.php(32): CController->render('index')
#19 C:\wamp\www\yii\framework\web\actions\CInlineAction.php(49): SiteController->actionIndex()
#20 C:\wamp\www\yii\framework\web\CController.php(308): CInlineAction->runWithParams(Array)
#21 C:\wamp\www\yii\framework\web\CController.php(286): CController->runAction(Object(CInlineAction))
#22 C:\wamp\www\yii\framework\web\CController.php(265): CController->runActionWithFilters(Object(CInlineAction), Array)
#23 C:\wamp\www\yii\framework\web\CWebApplication.php(282): CController->run('')
#24 C:\wamp\www\yii\framework\web\CWebApplication.php(141): CWebApplication->runController('')
#25 C:\wamp\www\yii\framework\base\CApplication.php(169): CWebApplication->processRequest()
#26 C:\wamp\www\yii\ws_clima_inta\index.php(13): CApplication->run()
#27 {main}
REQUEST_URI=/yii/ws_clima_inta/index.php
---
2014/10/13 19:41:55 [error] [exception.CException] exception 'CException' with message 'CWebApplication y sus behaviors no tienen un método o closure llamado "baseUrl".' in C:\wamp\www\yii\framework\base\CComponent.php:265
Stack trace:
#0 C:\wamp\www\yii\ws_clima_inta\protected\views\site\index.php(13): CComponent->__call('baseUrl', Array)
#1 C:\wamp\www\yii\ws_clima_inta\protected\views\site\index.php(13): CWebApplication->baseUrl()
#2 C:\wamp\www\yii\framework\web\CBaseController.php(126): require('C:\wamp\www\yii...')
#3 C:\wamp\www\yii\framework\web\CBaseController.php(95): CBaseController->renderInternal('C:\wamp\www\yii...', NULL, true)
#4 C:\wamp\www\yii\framework\web\CController.php(869): CBaseController->renderFile('C:\wamp\www\yii...', NULL, true)
#5 C:\wamp\www\yii\framework\web\CController.php(782): CController->renderPartial('index', NULL, true)
#6 C:\wamp\www\yii\ws_clima_inta\protected\controllers\SiteController.php(32): CController->render('index')
#7 C:\wamp\www\yii\framework\web\actions\CInlineAction.php(49): SiteController->actionIndex()
#8 C:\wamp\www\yii\framework\web\CController.php(308): CInlineAction->runWithParams(Array)
#9 C:\wamp\www\yii\framework\web\CController.php(286): CController->runAction(Object(CInlineAction))
#10 C:\wamp\www\yii\framework\web\CController.php(265): CController->runActionWithFilters(Object(CInlineAction), Array)
#11 C:\wamp\www\yii\framework\web\CWebApplication.php(282): CController->run('')
#12 C:\wamp\www\yii\framework\web\CWebApplication.php(141): CWebApplication->runController('')
#13 C:\wamp\www\yii\framework\base\CApplication.php(169): CWebApplication->processRequest()
#14 C:\wamp\www\yii\ws_clima_inta\index.php(13): CApplication->run()
#15 {main}
REQUEST_URI=/yii/ws_clima_inta/index.php
---
2014/10/13 19:42:49 [error] [exception.CException] exception 'CException' with message 'CWebApplication y sus behaviors no tienen un método o closure llamado "baseUrl".' in C:\wamp\www\yii\framework\base\CComponent.php:265
Stack trace:
#0 C:\wamp\www\yii\ws_clima_inta\protected\views\site\index.php(13): CComponent->__call('baseUrl', Array)
#1 C:\wamp\www\yii\ws_clima_inta\protected\views\site\index.php(13): CWebApplication->baseUrl()
#2 C:\wamp\www\yii\framework\web\CBaseController.php(126): require('C:\wamp\www\yii...')
#3 C:\wamp\www\yii\framework\web\CBaseController.php(95): CBaseController->renderInternal('C:\wamp\www\yii...', NULL, true)
#4 C:\wamp\www\yii\framework\web\CController.php(869): CBaseController->renderFile('C:\wamp\www\yii...', NULL, true)
#5 C:\wamp\www\yii\framework\web\CController.php(782): CController->renderPartial('index', NULL, true)
#6 C:\wamp\www\yii\ws_clima_inta\protected\controllers\SiteController.php(32): CController->render('index')
#7 C:\wamp\www\yii\framework\web\actions\CInlineAction.php(49): SiteController->actionIndex()
#8 C:\wamp\www\yii\framework\web\CController.php(308): CInlineAction->runWithParams(Array)
#9 C:\wamp\www\yii\framework\web\CController.php(286): CController->runAction(Object(CInlineAction))
#10 C:\wamp\www\yii\framework\web\CController.php(265): CController->runActionWithFilters(Object(CInlineAction), Array)
#11 C:\wamp\www\yii\framework\web\CWebApplication.php(282): CController->run('')
#12 C:\wamp\www\yii\framework\web\CWebApplication.php(141): CWebApplication->runController('')
#13 C:\wamp\www\yii\framework\base\CApplication.php(169): CWebApplication->processRequest()
#14 C:\wamp\www\yii\ws_clima_inta\index.php(13): CApplication->run()
#15 {main}
REQUEST_URI=/yii/ws_clima_inta/index.php
---
2014/10/13 19:43:15 [error] [exception.CException] exception 'CException' with message 'CWebApplication y sus behaviors no tienen un método o closure llamado "baseUrl".' in C:\wamp\www\yii\framework\base\CComponent.php:265
Stack trace:
#0 C:\wamp\www\yii\ws_clima_inta\protected\views\site\index.php(13): CComponent->__call('baseUrl', Array)
#1 C:\wamp\www\yii\ws_clima_inta\protected\views\site\index.php(13): CWebApplication->baseUrl()
#2 C:\wamp\www\yii\framework\web\CBaseController.php(126): require('C:\wamp\www\yii...')
#3 C:\wamp\www\yii\framework\web\CBaseController.php(95): CBaseController->renderInternal('C:\wamp\www\yii...', NULL, true)
#4 C:\wamp\www\yii\framework\web\CController.php(869): CBaseController->renderFile('C:\wamp\www\yii...', NULL, true)
#5 C:\wamp\www\yii\framework\web\CController.php(782): CController->renderPartial('index', NULL, true)
#6 C:\wamp\www\yii\ws_clima_inta\protected\controllers\SiteController.php(32): CController->render('index')
#7 C:\wamp\www\yii\framework\web\actions\CInlineAction.php(49): SiteController->actionIndex()
#8 C:\wamp\www\yii\framework\web\CController.php(308): CInlineAction->runWithParams(Array)
#9 C:\wamp\www\yii\framework\web\CController.php(286): CController->runAction(Object(CInlineAction))
#10 C:\wamp\www\yii\framework\web\CController.php(265): CController->runActionWithFilters(Object(CInlineAction), Array)
#11 C:\wamp\www\yii\framework\web\CWebApplication.php(282): CController->run('')
#12 C:\wamp\www\yii\framework\web\CWebApplication.php(141): CWebApplication->runController('')
#13 C:\wamp\www\yii\framework\base\CApplication.php(169): CWebApplication->processRequest()
#14 C:\wamp\www\yii\ws_clima_inta\index.php(13): CApplication->run()
#15 {main}
REQUEST_URI=/yii/ws_clima_inta/index.php
---
2014/10/13 19:48:00 [error] [php] include(Request.php): failed to open stream: No such file or directory (C:\wamp\www\yii\framework\YiiBase.php:421)
Stack trace:
#0 C:\wamp\www\yii\ws_clima_inta\protected\views\site\index.php(13): spl_autoload_call()
#1 C:\wamp\www\yii\framework\web\CBaseController.php(126): require()
#2 C:\wamp\www\yii\framework\web\CBaseController.php(95): SiteController->renderInternal()
#3 C:\wamp\www\yii\framework\web\CController.php(869): SiteController->renderFile()
#4 C:\wamp\www\yii\framework\web\CController.php(782): SiteController->renderPartial()
#5 C:\wamp\www\yii\ws_clima_inta\protected\controllers\SiteController.php(32): SiteController->render()
#6 C:\wamp\www\yii\framework\web\actions\CInlineAction.php(49): SiteController->actionIndex()
#7 C:\wamp\www\yii\framework\web\CController.php(308): CInlineAction->runWithParams()
#8 C:\wamp\www\yii\framework\web\CController.php(286): SiteController->runAction()
#9 C:\wamp\www\yii\framework\web\CController.php(265): SiteController->runActionWithFilters()
#10 C:\wamp\www\yii\framework\web\CWebApplication.php(282): SiteController->run()
#11 C:\wamp\www\yii\framework\web\CWebApplication.php(141): CWebApplication->runController()
#12 C:\wamp\www\yii\framework\base\CApplication.php(169): CWebApplication->processRequest()
#13 C:\wamp\www\yii\ws_clima_inta\index.php(13): CWebApplication->run()
REQUEST_URI=/yii/ws_clima_inta/index.php
in C:\wamp\www\yii\ws_clima_inta\protected\views\site\index.php (13)
in C:\wamp\www\yii\ws_clima_inta\protected\controllers\SiteController.php (32)
in C:\wamp\www\yii\ws_clima_inta\index.php (13)
2014/10/13 19:49:00 [error] [exception.CHttpException.404] exception 'CHttpException' with message 'El sistema no ha podido encontrar la acción "datosActuales?ema=INTACHANA" solicitada.' in C:\wamp\www\yii\framework\web\CController.php:483
Stack trace:
#0 C:\wamp\www\yii\framework\web\CController.php(270): CController->missingAction('datosActuales?e...')
#1 C:\wamp\www\yii\framework\web\CWebApplication.php(282): CController->run('datosActuales?e...')
#2 C:\wamp\www\yii\framework\web\CWebApplication.php(141): CWebApplication->runController('api/datosActual...')
#3 C:\wamp\www\yii\framework\base\CApplication.php(169): CWebApplication->processRequest()
#4 C:\wamp\www\yii\ws_clima_inta\index.php(13): CApplication->run()
#5 {main}
REQUEST_URI=/yii/ws_clima_inta/index.php?r=api/datosActuales?ema=INTACHANA
---
2014/10/13 19:49:01 [error] [exception.CHttpException.400] exception 'CHttpException' with message 'Su solicitud es inválida.' in C:\wamp\www\yii\framework\web\CController.php:336
Stack trace:
#0 C:\wamp\www\yii\framework\web\CController.php(309): CController->invalidActionParams(Object(CInlineAction))
#1 C:\wamp\www\yii\framework\web\CController.php(286): CController->runAction(Object(CInlineAction))
#2 C:\wamp\www\yii\framework\web\CController.php(265): CController->runActionWithFilters(Object(CInlineAction), Array)
#3 C:\wamp\www\yii\framework\web\CWebApplication.php(282): CController->run('datosActuales')
#4 C:\wamp\www\yii\framework\web\CWebApplication.php(141): CWebApplication->runController('api/datosActual...')
#5 C:\wamp\www\yii\framework\base\CApplication.php(169): CWebApplication->processRequest()
#6 C:\wamp\www\yii\ws_clima_inta\index.php(13): CApplication->run()
#7 {main}
REQUEST_URI=/yii/ws_clima_inta/index.php?r=api/datosActuales
---
2014/10/13 19:49:01 [error] [exception.CHttpException.404] exception 'CHttpException' with message 'El sistema no ha podido encontrar la acción "index" solicitada.' in C:\wamp\www\yii\framework\web\CController.php:483
Stack trace:
#0 C:\wamp\www\yii\framework\web\CController.php(270): CController->missingAction('')
#1 C:\wamp\www\yii\framework\web\CWebApplication.php(282): CController->run('')
#2 C:\wamp\www\yii\framework\web\CWebApplication.php(141): CWebApplication->runController('api')
#3 C:\wamp\www\yii\framework\base\CApplication.php(169): CWebApplication->processRequest()
#4 C:\wamp\www\yii\ws_clima_inta\index.php(13): CApplication->run()
#5 {main}
REQUEST_URI=/yii/ws_clima_inta/index.php?r=api
---
2014/10/13 19:52:47 [error] [exception.CException] exception 'CException' with message 'Propiedad "Emas"."title" no se encuentra definida.' in C:\wamp\www\yii\framework\base\CComponent.php:130
Stack trace:
#0 C:\wamp\www\yii\framework\db\ar\CActiveRecord.php(143): CComponent->__get('title')
#1 C:\wamp\www\yii\framework\base\CComponent.php(606) : eval()'d code(1): CActiveRecord->__get('title')
#2 C:\wamp\www\yii\framework\base\CComponent.php(606): eval()
#3 C:\wamp\www\yii\framework\zii\widgets\grid\CDataColumn.php(131): CComponent->evaluateExpression('CHtml::link($da...', Array)
#4 C:\wamp\www\yii\framework\zii\widgets\grid\CGridColumn.php(144): CDataColumn->renderDataCellContent(0, Object(Emas))
#5 C:\wamp\www\yii\framework\zii\widgets\grid\CGridView.php(589): CGridColumn->renderDataCell(0)
#6 C:\wamp\www\yii\framework\zii\widgets\grid\CGridView.php(545): CGridView->renderTableRow(0)
#7 C:\wamp\www\yii\framework\zii\widgets\grid\CGridView.php(455): CGridView->renderTableBody()
#8 C:\wamp\www\yii\framework\zii\widgets\CBaseListView.php(160): CGridView->renderItems()
#9 [internal function]: CBaseListView->renderSection(Array)
#10 C:\wamp\www\yii\framework\zii\widgets\CBaseListView.php(143): preg_replace_callback('/{(\w+)}/', Array, '{summary}?{item...')
#11 C:\wamp\www\yii\framework\zii\widgets\CBaseListView.php(128): CBaseListView->renderContent()
#12 C:\wamp\www\yii\framework\web\CBaseController.php(173): CBaseListView->run()
#13 C:\wamp\www\yii\ws_clima_inta\protected\views\site\index.php(50): CBaseController->widget('zii.widgets.gri...', Array)
#14 C:\wamp\www\yii\framework\web\CBaseController.php(126): require('C:\wamp\www\yii...')
#15 C:\wamp\www\yii\framework\web\CBaseController.php(95): CBaseController->renderInternal('C:\wamp\www\yii...', NULL, true)
#16 C:\wamp\www\yii\framework\web\CController.php(869): CBaseController->renderFile('C:\wamp\www\yii...', NULL, true)
#17 C:\wamp\www\yii\framework\web\CController.php(782): CController->renderPartial('index', NULL, true)
#18 C:\wamp\www\yii\ws_clima_inta\protected\controllers\SiteController.php(32): CController->render('index')
#19 C:\wamp\www\yii\framework\web\actions\CInlineAction.php(49): SiteController->actionIndex()
#20 C:\wamp\www\yii\framework\web\CController.php(308): CInlineAction->runWithParams(Array)
#21 C:\wamp\www\yii\framework\web\CController.php(286): CController->runAction(Object(CInlineAction))
#22 C:\wamp\www\yii\framework\web\CController.php(265): CController->runActionWithFilters(Object(CInlineAction), Array)
#23 C:\wamp\www\yii\framework\web\CWebApplication.php(282): CController->run('')
#24 C:\wamp\www\yii\framework\web\CWebApplication.php(141): CWebApplication->runController('')
#25 C:\wamp\www\yii\framework\base\CApplication.php(169): CWebApplication->processRequest()
#26 C:\wamp\www\yii\ws_clima_inta\index.php(13): CApplication->run()
#27 {main}
REQUEST_URI=/yii/ws_clima_inta/index.php
---
2014/10/13 20:04:40 [error] [php] Use of undefined constant target - assumed 'target' (C:\wamp\www\yii\framework\base\CComponent.php(606) : eval()'d code:1)
Stack trace:
#0 C:\wamp\www\yii\framework\zii\widgets\grid\CGridColumn.php(144): CDataColumn->renderDataCellContent()
#1 C:\wamp\www\yii\framework\zii\widgets\grid\CGridView.php(589): CDataColumn->renderDataCell()
#2 C:\wamp\www\yii\framework\zii\widgets\grid\CGridView.php(545): CGridView->renderTableRow()
#3 C:\wamp\www\yii\framework\zii\widgets\grid\CGridView.php(455): CGridView->renderTableBody()
#4 C:\wamp\www\yii\framework\zii\widgets\CBaseListView.php(160): CGridView->renderItems()
#5 unknown(0): CGridView->renderSection()
#6 C:\wamp\www\yii\framework\zii\widgets\CBaseListView.php(143): preg_replace_callback()
#7 C:\wamp\www\yii\framework\zii\widgets\CBaseListView.php(128): CGridView->renderContent()
#8 C:\wamp\www\yii\framework\web\CBaseController.php(173): CGridView->run()
#9 C:\wamp\www\yii\ws_clima_inta\protected\views\site\index.php(50): SiteController->widget()
#10 C:\wamp\www\yii\framework\web\CBaseController.php(126): require()
#11 C:\wamp\www\yii\framework\web\CBaseController.php(95): SiteController->renderInternal()
#12 C:\wamp\www\yii\framework\web\CController.php(869): SiteController->renderFile()
#13 C:\wamp\www\yii\framework\web\CController.php(782): SiteController->renderPartial()
#14 C:\wamp\www\yii\ws_clima_inta\protected\controllers\SiteController.php(32): SiteController->render()
#15 C:\wamp\www\yii\framework\web\actions\CInlineAction.php(49): SiteController->actionIndex()
#16 C:\wamp\www\yii\framework\web\CController.php(308): CInlineAction->runWithParams()
#17 C:\wamp\www\yii\framework\web\CController.php(286): SiteController->runAction()
#18 C:\wamp\www\yii\framework\web\CController.php(265): SiteController->runActionWithFilters()
#19 C:\wamp\www\yii\framework\web\CWebApplication.php(282): SiteController->run()
#20 C:\wamp\www\yii\framework\web\CWebApplication.php(141): CWebApplication->runController()
#21 C:\wamp\www\yii\framework\base\CApplication.php(169): CWebApplication->processRequest()
#22 C:\wamp\www\yii\ws_clima_inta\index.php(13): CWebApplication->run()
REQUEST_URI=/yii/ws_clima_inta/index.php
in C:\wamp\www\yii\ws_clima_inta\protected\views\site\index.php (50)
in C:\wamp\www\yii\ws_clima_inta\protected\controllers\SiteController.php (32)
in C:\wamp\www\yii\ws_clima_inta\index.php (13)
2014/10/13 20:05:43 [error] [php] Use of undefined constant target - assumed 'target' (C:\wamp\www\yii\framework\base\CComponent.php(606) : eval()'d code:1)
Stack trace:
#0 C:\wamp\www\yii\framework\zii\widgets\grid\CGridColumn.php(144): CDataColumn->renderDataCellContent()
#1 C:\wamp\www\yii\framework\zii\widgets\grid\CGridView.php(589): CDataColumn->renderDataCell()
#2 C:\wamp\www\yii\framework\zii\widgets\grid\CGridView.php(545): CGridView->renderTableRow()
#3 C:\wamp\www\yii\framework\zii\widgets\grid\CGridView.php(455): CGridView->renderTableBody()
#4 C:\wamp\www\yii\framework\zii\widgets\CBaseListView.php(160): CGridView->renderItems()
#5 unknown(0): CGridView->renderSection()
#6 C:\wamp\www\yii\framework\zii\widgets\CBaseListView.php(143): preg_replace_callback()
#7 C:\wamp\www\yii\framework\zii\widgets\CBaseListView.php(128): CGridView->renderContent()
#8 C:\wamp\www\yii\framework\web\CBaseController.php(173): CGridView->run()
#9 C:\wamp\www\yii\ws_clima_inta\protected\views\site\index.php(50): SiteController->widget()
#10 C:\wamp\www\yii\framework\web\CBaseController.php(126): require()
#11 C:\wamp\www\yii\framework\web\CBaseController.php(95): SiteController->renderInternal()
#12 C:\wamp\www\yii\framework\web\CController.php(869): SiteController->renderFile()
#13 C:\wamp\www\yii\framework\web\CController.php(782): SiteController->renderPartial()
#14 C:\wamp\www\yii\ws_clima_inta\protected\controllers\SiteController.php(32): SiteController->render()
#15 C:\wamp\www\yii\framework\web\actions\CInlineAction.php(49): SiteController->actionIndex()
#16 C:\wamp\www\yii\framework\web\CController.php(308): CInlineAction->runWithParams()
#17 C:\wamp\www\yii\framework\web\CController.php(286): SiteController->runAction()
#18 C:\wamp\www\yii\framework\web\CController.php(265): SiteController->runActionWithFilters()
#19 C:\wamp\www\yii\framework\web\CWebApplication.php(282): SiteController->run()
#20 C:\wamp\www\yii\framework\web\CWebApplication.php(141): CWebApplication->runController()
#21 C:\wamp\www\yii\framework\base\CApplication.php(169): CWebApplication->processRequest()
#22 C:\wamp\www\yii\ws_clima_inta\index.php(13): CWebApplication->run()
REQUEST_URI=/yii/ws_clima_inta/index.php
in C:\wamp\www\yii\ws_clima_inta\protected\views\site\index.php (50)
in C:\wamp\www\yii\ws_clima_inta\protected\controllers\SiteController.php (32)
in C:\wamp\www\yii\ws_clima_inta\index.php (13)
2014/10/13 20:05:54 [error] [php] Use of undefined constant target - assumed 'target' (C:\wamp\www\yii\framework\base\CComponent.php(606) : eval()'d code:1)
Stack trace:
#0 C:\wamp\www\yii\framework\zii\widgets\grid\CGridColumn.php(144): CDataColumn->renderDataCellContent()
#1 C:\wamp\www\yii\framework\zii\widgets\grid\CGridView.php(589): CDataColumn->renderDataCell()
#2 C:\wamp\www\yii\framework\zii\widgets\grid\CGridView.php(545): CGridView->renderTableRow()
#3 C:\wamp\www\yii\framework\zii\widgets\grid\CGridView.php(455): CGridView->renderTableBody()
#4 C:\wamp\www\yii\framework\zii\widgets\CBaseListView.php(160): CGridView->renderItems()
#5 unknown(0): CGridView->renderSection()
#6 C:\wamp\www\yii\framework\zii\widgets\CBaseListView.php(143): preg_replace_callback()
#7 C:\wamp\www\yii\framework\zii\widgets\CBaseListView.php(128): CGridView->renderContent()
#8 C:\wamp\www\yii\framework\web\CBaseController.php(173): CGridView->run()
#9 C:\wamp\www\yii\ws_clima_inta\protected\views\site\index.php(50): SiteController->widget()
#10 C:\wamp\www\yii\framework\web\CBaseController.php(126): require()
#11 C:\wamp\www\yii\framework\web\CBaseController.php(95): SiteController->renderInternal()
#12 C:\wamp\www\yii\framework\web\CController.php(869): SiteController->renderFile()
#13 C:\wamp\www\yii\framework\web\CController.php(782): SiteController->renderPartial()
#14 C:\wamp\www\yii\ws_clima_inta\protected\controllers\SiteController.php(32): SiteController->render()
#15 C:\wamp\www\yii\framework\web\actions\CInlineAction.php(49): SiteController->actionIndex()
#16 C:\wamp\www\yii\framework\web\CController.php(308): CInlineAction->runWithParams()
#17 C:\wamp\www\yii\framework\web\CController.php(286): SiteController->runAction()
#18 C:\wamp\www\yii\framework\web\CController.php(265): SiteController->runActionWithFilters()
#19 C:\wamp\www\yii\framework\web\CWebApplication.php(282): SiteController->run()
#20 C:\wamp\www\yii\framework\web\CWebApplication.php(141): CWebApplication->runController()
#21 C:\wamp\www\yii\framework\base\CApplication.php(169): CWebApplication->processRequest()
#22 C:\wamp\www\yii\ws_clima_inta\index.php(13): CWebApplication->run()
REQUEST_URI=/yii/ws_clima_inta/index.php
in C:\wamp\www\yii\ws_clima_inta\protected\views\site\index.php (50)
in C:\wamp\www\yii\ws_clima_inta\protected\controllers\SiteController.php (32)
in C:\wamp\www\yii\ws_clima_inta\index.php (13)
2014/10/13 21:11:00 [error] [php] mail(): Failed to connect to mailserver at &quot;localhost&quot; port 25, verify your &quot;SMTP&quot; and &quot;smtp_port&quot; setting in php.ini or use ini_set() (C:\wamp\www\yii\ws_clima_inta\protected\controllers\SiteController.php:67)
Stack trace:
#0 C:\wamp\www\yii\framework\web\CController.php(308): CInlineAction->runWithParams()
#1 C:\wamp\www\yii\framework\web\CController.php(286): SiteController->runAction()
#2 C:\wamp\www\yii\framework\web\CController.php(265): SiteController->runActionWithFilters()
#3 C:\wamp\www\yii\framework\web\CWebApplication.php(282): SiteController->run()
#4 C:\wamp\www\yii\framework\web\CWebApplication.php(141): CWebApplication->runController()
#5 C:\wamp\www\yii\framework\base\CApplication.php(169): CWebApplication->processRequest()
#6 C:\wamp\www\yii\ws_clima_inta\index.php(13): CWebApplication->run()
REQUEST_URI=/yii/ws_clima_inta/index.php?r=site/contact
in C:\wamp\www\yii\ws_clima_inta\protected\controllers\SiteController.php (67)
in C:\wamp\www\yii\ws_clima_inta\index.php (13)
2014/10/13 21:24:46 [error] [php] mail(): Failed to connect to mailserver at &quot;localhost&quot; port 25, verify your &quot;SMTP&quot; and &quot;smtp_port&quot; setting in php.ini or use ini_set() (C:\wamp\www\yii\ws_clima_inta\protected\controllers\SiteController.php:67)
Stack trace:
#0 C:\wamp\www\yii\framework\web\CController.php(308): CInlineAction->runWithParams()
#1 C:\wamp\www\yii\framework\web\CController.php(286): SiteController->runAction()
#2 C:\wamp\www\yii\framework\web\CController.php(265): SiteController->runActionWithFilters()
#3 C:\wamp\www\yii\framework\web\CWebApplication.php(282): SiteController->run()
#4 C:\wamp\www\yii\framework\web\CWebApplication.php(141): CWebApplication->runController()
#5 C:\wamp\www\yii\framework\base\CApplication.php(169): CWebApplication->processRequest()
#6 C:\wamp\www\yii\ws_clima_inta\index.php(13): CWebApplication->run()
REQUEST_URI=/yii/ws_clima_inta/index.php?r=site/contact
in C:\wamp\www\yii\ws_clima_inta\protected\controllers\SiteController.php (67)
in C:\wamp\www\yii\ws_clima_inta\index.php (13)
